17:50:04.377 - Timers : 0
17:51:43.944 - Timers : 0
17:53:00.402 - Ticked widgets for 1 minute : 0. Per second : 0, total time : 1 ms
17:54:00.402 - Ticked widgets for 1 minute : 0. Per second : 0, total time : 0 ms
17:55:00.402 - Ticked widgets for 1 minute : 0. Per second : 0, total time : 0 ms
17:56:00.402 - Ticked widgets for 1 minute : 0. Per second : 0, total time : 0 ms
17:57:00.402 - Ticked widgets for 1 minute : 0. Per second : 0, total time : 0 ms
17:58:00.402 - Ticked widgets for 1 minute : 0. Per second : 0, total time : 0 ms
17:59:00.402 - Ticked widgets for 1 minute : 0. Per second : 0, total time : 0 ms
18:00:00.402 - Ticked widgets for 1 minute : 0. Per second : 0, total time : 0 ms
18:01:00.402 - Ticked widgets for 1 minute : 0. Per second : 0, total time : 0 ms
18:02:00.402 - Ticked widgets for 1 minute : 0. Per second : 0, total time : 0 ms
18:03:00.402 - Ticked widgets for 1 minute : 0. Per second : 0, total time : 0 ms
18:04:00.402 - Ticked widgets for 1 minute : 0. Per second : 0, total time : 0 ms
18:05:00.402 - Ticked widgets for 1 minute : 0. Per second : 0, total time : 0 ms
18:06:00.402 - Ticked widgets for 1 minute : 0. Per second : 0, total time : 1 ms
18:07:00.402 - Ticked widgets for 1 minute : 0. Per second : 0, total time : 0 ms
18:08:00.402 - Ticked widgets for 1 minute : 0. Per second : 0, total time : 0 ms
18:09:00.402 - Ticked widgets for 1 minute : 0. Per second : 0, total time : 0 ms
18:10:00.402 - Ticked widgets for 1 minute : 0. Per second : 0, total time : 0 ms
18:11:00.402 - Ticked widgets for 1 minute : 0. Per second : 0, total time : 0 ms
18:12:00.402 - Ticked widgets for 1 minute : 0. Per second : 0, total time : 0 ms
18:13:00.402 - Ticked widgets for 1 minute : 168. Per second : 2, total time : 62 ms
18:13:01.019 - Backup for user DB started...
18:13:01.031 - Backup for user DB finished.
18:14:00.402 - Ticked widgets for 1 minute : 180. Per second : 3, total time : 57 ms
18:15:00.402 - Ticked widgets for 1 minute : 180. Per second : 3, total time : 57 ms
18:16:00.402 - Ticked widgets for 1 minute : 180. Per second : 3, total time : 60 ms
18:17:00.402 - Ticked widgets for 1 minute : 180. Per second : 3, total time : 60 ms
18:18:00.402 - Ticked widgets for 1 minute : 60. Per second : 1, total time : 19 ms
18:19:00.402 - Ticked widgets for 1 minute : 0. Per second : 0, total time : 0 ms
18:20:00.402 - Ticked widgets for 1 minute : 0. Per second : 0, total time : 0 ms
18:21:00.402 - Ticked widgets for 1 minute : 0. Per second : 0, total time : 1 ms
18:22:00.401 - Ticked widgets for 1 minute : 0. Per second : 0, total time : 0 ms
18:23:00.402 - Ticked widgets for 1 minute : 0. Per second : 0, total time : 0 ms
18:24:00.402 - Ticked widgets for 1 minute : 0. Per second : 0, total time : 0 ms
18:25:00.402 - Ticked widgets for 1 minute : 0. Per second : 0, total time : 0 ms
18:26:00.402 - Ticked widgets for 1 minute : 0. Per second : 0, total time : 0 ms
18:27:00.402 - Ticked widgets for 1 minute : 0. Per second : 0, total time : 0 ms
18:28:00.402 - Ticked widgets for 1 minute : 0. Per second : 0, total time : 0 ms
18:29:00.401 - Ticked widgets for 1 minute : 0. Per second : 0, total time : 0 ms
18:30:00.402 - Ticked widgets for 1 minute : 36. Per second : 0, total time : 11 ms
18:31:00.402 - Ticked widgets for 1 minute : 180. Per second : 3, total time : 54 ms
18:32:00.402 - Ticked widgets for 1 minute : 180. Per second : 3, total time : 51 ms
18:33:00.402 - Ticked widgets for 1 minute : 180. Per second : 3, total time : 39 ms
18:34:00.401 - Ticked widgets for 1 minute : 21. Per second : 0, total time : 7 ms
18:35:00.401 - Ticked widgets for 1 minute : 0. Per second : 0, total time : 0 ms
18:36:00.402 - Ticked widgets for 1 minute : 87. Per second : 1, total time : 26 ms
18:37:00.402 - Ticked widgets for 1 minute : 180. Per second : 3, total time : 58 ms
18:38:00.402 - Ticked widgets for 1 minute : 180. Per second : 3, total time : 62 ms
18:39:00.401 - Ticked widgets for 1 minute : 3. Per second : 0, total time : 1 ms
18:40:00.402 - Ticked widgets for 1 minute : 99. Per second : 1, total time : 9 ms
18:41:00.402 - Ticked widgets for 1 minute : 180. Per second : 3, total time : 11 ms
18:42:00.402 - Ticked widgets for 1 minute : 180. Per second : 3, total time : 10 ms
18:43:00.401 - Ticked widgets for 1 minute : 18. Per second : 0, total time : 1 ms
18:44:00.402 - Ticked widgets for 1 minute : 15. Per second : 0, total time : 0 ms
18:45:00.402 - Ticked widgets for 1 minute : 90. Per second : 1, total time : 19 ms
18:46:00.402 - Ticked widgets for 1 minute : 39. Per second : 0, total time : 11 ms
18:47:00.402 - Ticked widgets for 1 minute : 0. Per second : 0, total time : 0 ms
18:48:00.402 - Ticked widgets for 1 minute : 0. Per second : 0, total time : 0 ms
18:49:00.402 - Ticked widgets for 1 minute : 0. Per second : 0, total time : 0 ms
18:50:00.402 - Ticked widgets for 1 minute : 0. Per second : 0, total time : 0 ms
18:51:00.402 - Ticked widgets for 1 minute : 0. Per second : 0, total time : 0 ms
18:52:00.402 - Ticked widgets for 1 minute : 0. Per second : 0, total time : 0 ms
18:52:00.575 - Truncated 0 files. Time : 4 ms.
18:52:00.576 - Removed 0 old export files. Time : 1 ms.
18:53:00.402 - Ticked widgets for 1 minute : 0. Per second : 0, total time : 0 ms
18:54:00.402 - Ticked widgets for 1 minute : 0. Per second : 0, total time : 0 ms
18:55:00.402 - Ticked widgets for 1 minute : 0. Per second : 0, total time : 0 ms
18:56:00.402 - Ticked widgets for 1 minute : 0. Per second : 0, total time : 0 ms
18:57:00.402 - Ticked widgets for 1 minute : 0. Per second : 0, total time : 0 ms
18:58:00.402 - Ticked widgets for 1 minute : 0. Per second : 0, total time : 0 ms
18:59:00.402 - Ticked widgets for 1 minute : 120. Per second : 2, total time : 35 ms
19:00:00.402 - Ticked widgets for 1 minute : 120. Per second : 2, total time : 16 ms
19:01:00.402 - Ticked widgets for 1 minute : 120. Per second : 2, total time : 2 ms
19:02:00.401 - Ticked widgets for 1 minute : 96. Per second : 1, total time : 3 ms
19:03:00.402 - Ticked widgets for 1 minute : 54. Per second : 0, total time : 10 ms
19:04:00.401 - Ticked widgets for 1 minute : 0. Per second : 0, total time : 0 ms
19:05:00.401 - Ticked widgets for 1 minute : 0. Per second : 0, total time : 0 ms
19:06:00.401 - Ticked widgets for 1 minute : 0. Per second : 0, total time : 0 ms
19:07:00.402 - Ticked widgets for 1 minute : 0. Per second : 0, total time : 0 ms
19:08:00.402 - Ticked widgets for 1 minute : 0. Per second : 0, total time : 0 ms
19:09:00.402 - Ticked widgets for 1 minute : 0. Per second : 0, total time : 0 ms
19:10:00.402 - Ticked widgets for 1 minute : 0. Per second : 0, total time : 0 ms
19:11:00.401 - Ticked widgets for 1 minute : 0. Per second : 0, total time : 0 ms
19:12:00.402 - Ticked widgets for 1 minute : 0. Per second : 0, total time : 0 ms
19:13:00.402 - Ticked widgets for 1 minute : 64. Per second : 1, total time : 27 ms
19:14:00.402 - Ticked widgets for 1 minute : 100. Per second : 1, total time : 47 ms
19:15:00.402 - Ticked widgets for 1 minute : 0. Per second : 0, total time : 0 ms
19:16:00.402 - Ticked widgets for 1 minute : 0. Per second : 0, total time : 0 ms
19:17:00.402 - Ticked widgets for 1 minute : 0. Per second : 0, total time : 0 ms
19:18:00.402 - Ticked widgets for 1 minute : 0. Per second : 0, total time : 0 ms
19:19:00.402 - Ticked widgets for 1 minute : 0. Per second : 0, total time : 1 ms
19:20:00.402 - Ticked widgets for 1 minute : 0. Per second : 0, total time : 1 ms
19:21:00.402 - Ticked widgets for 1 minute : 0. Per second : 0, total time : 0 ms
19:22:00.402 - Ticked widgets for 1 minute : 0. Per second : 0, total time : 0 ms
19:23:00.401 - Ticked widgets for 1 minute : 0. Per second : 0, total time : 0 ms
19:24:00.402 - Ticked widgets for 1 minute : 0. Per second : 0, total time : 0 ms
19:25:00.402 - Ticked widgets for 1 minute : 0. Per second : 0, total time : 0 ms
19:26:00.402 - Ticked widgets for 1 minute : 0. Per second : 0, total time : 0 ms
19:27:00.402 - Ticked widgets for 1 minute : 26. Per second : 0, total time : 6 ms
19:28:00.402 - Ticked widgets for 1 minute : 120. Per second : 2, total time : 44 ms
19:29:00.402 - Ticked widgets for 1 minute : 120. Per second : 2, total time : 52 ms
19:30:00.402 - Ticked widgets for 1 minute : 34. Per second : 0, total time : 15 ms
19:31:00.401 - Ticked widgets for 1 minute : 0. Per second : 0, total time : 0 ms
19:32:00.402 - Ticked widgets for 1 minute : 0. Per second : 0, total time : 0 ms
19:33:00.402 - Ticked widgets for 1 minute : 0. Per second : 0, total time : 0 ms
19:34:00.402 - Ticked widgets for 1 minute : 0. Per second : 0, total time : 0 ms
19:35:00.402 - Ticked widgets for 1 minute : 0. Per second : 0, total time : 0 ms
19:36:00.402 - Ticked widgets for 1 minute : 0. Per second : 0, total time : 0 ms
19:37:00.402 - Ticked widgets for 1 minute : 0. Per second : 0, total time : 0 ms
19:38:00.402 - Ticked widgets for 1 minute : 0. Per second : 0, total time : 0 ms
19:39:00.402 - Ticked widgets for 1 minute : 0. Per second : 0, total time : 0 ms
19:40:00.402 - Ticked widgets for 1 minute : 0. Per second : 0, total time : 0 ms
19:41:00.401 - Ticked widgets for 1 minute : 0. Per second : 0, total time : 0 ms
19:42:00.401 - Ticked widgets for 1 minute : 0. Per second : 0, total time : 0 ms
19:43:00.402 - Ticked widgets for 1 minute : 0. Per second : 0, total time : 0 ms
19:44:00.401 - Ticked widgets for 1 minute : 0. Per second : 0, total time : 0 ms
19:45:00.402 - Ticked widgets for 1 minute : 0. Per second : 0, total time : 0 ms
19:46:00.402 - Ticked widgets for 1 minute : 0. Per second : 0, total time : 0 ms
19:47:00.401 - Ticked widgets for 1 minute : 0. Per second : 0, total time : 0 ms
19:48:00.401 - Ticked widgets for 1 minute : 0. Per second : 0, total time : 0 ms
19:49:00.402 - Ticked widgets for 1 minute : 0. Per second : 0, total time : 0 ms
19:50:00.402 - Ticked widgets for 1 minute : 100. Per second : 1, total time : 49 ms
19:51:00.402 - Ticked widgets for 1 minute : 120. Per second : 2, total time : 60 ms
19:52:00.402 - Ticked widgets for 1 minute : 120. Per second : 2, total time : 58 ms
19:53:00.402 - Ticked widgets for 1 minute : 120. Per second : 2, total time : 56 ms
19:54:00.402 - Ticked widgets for 1 minute : 120. Per second : 2, total time : 57 ms
19:55:00.402 - Ticked widgets for 1 minute : 26. Per second : 0, total time : 12 ms
19:56:00.402 - Ticked widgets for 1 minute : 0. Per second : 0, total time : 0 ms
19:57:00.402 - Ticked widgets for 1 minute : 0. Per second : 0, total time : 0 ms
19:58:00.402 - Ticked widgets for 1 minute : 102. Per second : 1, total time : 51 ms
19:59:00.402 - Ticked widgets for 1 minute : 120. Per second : 2, total time : 57 ms
20:00:00.402 - Ticked widgets for 1 minute : 120. Per second : 2, total time : 63 ms
20:01:00.402 - Ticked widgets for 1 minute : 94. Per second : 1, total time : 47 ms
20:02:00.402 - Ticked widgets for 1 minute : 44. Per second : 0, total time : 30 ms
20:03:00.402 - Ticked widgets for 1 minute : 118. Per second : 1, total time : 60 ms
20:04:00.402 - Ticked widgets for 1 minute : 120. Per second : 2, total time : 60 ms
20:05:00.402 - Ticked widgets for 1 minute : 120. Per second : 2, total time : 59 ms
20:06:00.402 - Ticked widgets for 1 minute : 118. Per second : 1, total time : 59 ms
20:07:00.402 - Ticked widgets for 1 minute : 120. Per second : 2, total time : 62 ms
20:08:00.402 - Ticked widgets for 1 minute : 118. Per second : 1, total time : 60 ms
20:09:00.402 - Ticked widgets for 1 minute : 120. Per second : 2, total time : 60 ms
20:10:00.402 - Ticked widgets for 1 minute : 120. Per second : 2, total time : 58 ms
20:11:00.401 - Ticked widgets for 1 minute : 98. Per second : 1, total time : 49 ms
20:12:00.402 - Ticked widgets for 1 minute : 64. Per second : 1, total time : 32 ms
20:13:00.402 - Ticked widgets for 1 minute : 118. Per second : 1, total time : 54 ms
20:14:00.402 - Ticked widgets for 1 minute : 120. Per second : 2, total time : 59 ms
20:15:00.402 - Ticked widgets for 1 minute : 120. Per second : 2, total time : 58 ms
20:16:00.402 - Ticked widgets for 1 minute : 54. Per second : 0, total time : 28 ms
20:17:00.402 - Ticked widgets for 1 minute : 100. Per second : 1, total time : 49 ms
20:18:00.402 - Ticked widgets for 1 minute : 104. Per second : 1, total time : 55 ms
20:19:00.402 - Ticked widgets for 1 minute : 120. Per second : 2, total time : 59 ms
20:20:00.402 - Ticked widgets for 1 minute : 120. Per second : 2, total time : 58 ms
20:21:00.402 - Ticked widgets for 1 minute : 120. Per second : 2, total time : 61 ms
20:22:00.402 - Ticked widgets for 1 minute : 118. Per second : 1, total time : 56 ms
20:23:00.402 - Ticked widgets for 1 minute : 120. Per second : 2, total time : 61 ms
20:24:00.402 - Ticked widgets for 1 minute : 118. Per second : 1, total time : 60 ms
20:25:00.402 - Ticked widgets for 1 minute : 120. Per second : 2, total time : 60 ms
20:26:00.402 - Ticked widgets for 1 minute : 118. Per second : 1, total time : 59 ms
20:27:00.402 - Ticked widgets for 1 minute : 120. Per second : 2, total time : 60 ms
20:28:00.402 - Ticked widgets for 1 minute : 120. Per second : 2, total time : 60 ms
20:29:00.402 - Ticked widgets for 1 minute : 120. Per second : 2, total time : 60 ms
20:30:00.402 - Ticked widgets for 1 minute : 120. Per second : 2, total time : 56 ms
20:31:00.402 - Ticked widgets for 1 minute : 116. Per second : 1, total time : 57 ms
20:32:00.402 - Ticked widgets for 1 minute : 120. Per second : 2, total time : 60 ms
20:33:00.402 - Ticked widgets for 1 minute : 116. Per second : 1, total time : 57 ms
20:34:00.402 - Ticked widgets for 1 minute : 120. Per second : 2, total time : 57 ms
20:35:00.402 - Ticked widgets for 1 minute : 120. Per second : 2, total time : 54 ms
20:36:00.402 - Ticked widgets for 1 minute : 120. Per second : 2, total time : 58 ms
20:37:00.402 - Ticked widgets for 1 minute : 120. Per second : 2, total time : 60 ms
20:38:00.402 - Ticked widgets for 1 minute : 120. Per second : 2, total time : 59 ms
20:39:00.402 - Ticked widgets for 1 minute : 116. Per second : 1, total time : 58 ms
20:40:00.402 - Ticked widgets for 1 minute : 118. Per second : 1, total time : 58 ms
20:41:00.402 - Ticked widgets for 1 minute : 120. Per second : 2, total time : 60 ms
20:42:00.402 - Ticked widgets for 1 minute : 60. Per second : 1, total time : 26 ms
20:43:00.402 - Ticked widgets for 1 minute : 0. Per second : 0, total time : 0 ms
20:44:00.406 - Ticked widgets for 1 minute : 0. Per second : 0, total time : 1 ms
20:45:00.402 - Ticked widgets for 1 minute : 0. Per second : 0, total time : 1 ms
20:46:00.402 - Ticked widgets for 1 minute : 0. Per second : 0, total time : 0 ms
